<?xml version="1.0" encoding="UTF-8"?>
<!-- Generated by org.testng.reporters.JUnitReportReporter -->
<testsuite hostname="HP-PC" name="com.launchBrowser.Test1" tests="1" failures="0" timestamp="24 Feb 2020 05:43:54 GMT" time="50.558" errors="0">
  <testcase name="openApp" time="50.558" classname="com.launchBrowser.Test1"/>
</testsuite> <!-- com.launchBrowser.Test1 -->
